
Updated at 0:38:43 PM 
Updated at 0:38:46 PM 
Updated at 0:38:47 PM 
Updated at 1:46:26 PM 
Updated at 1:47:14 PM 
Updated at 1:48:31 PM 
Updated at 1:54:28 PM 
Updated at 1:55:5 PM 
Updated at 1:55:56 PM 
Updated at 1:58:12 PM 
Updated at 1:59:8 PM 
Updated at 2:2:33 PM 
Deleted at 14:30:31 PM, Changes made in ID: 1 
Added at 14:38:15 PM 
Added at 14:57:48 PM 
Added at 14:58:29 PM 
Added at 14:58:37 PM 
Updated at 15:10:36 PM, Changes made in ID: 1 
Updated at 15:11:50 PM, Changes made in ID: 1 
Deleted at 15:16:25 PM, Changes made in ID: 10 
Added at 15:17:10 PM 
Added at 15:23:28 PM 
Updated at 15:46:8 PM, Changes made in ID: 1 
Added at 15:46:35 PM 
Deleted at 13:48:16 PM, Changes made in ID: 1 
Updated at 13:51:45 PM, Changes made in ID: 2 
Added at 13:56:52 PM 
Deleted at 14:0:15 PM, Changes made in ID: 2 
Added at 14:21:29 PM 
Added at 14:26:30 PM 
Updated at 14:41:40 PM, Changes made in ID: 4 
Updated at 15:9:17 PM, Changes made in ID: 7 
Updated at 15:17:48 PM, Changes made in ID: 7 
Added at 15:19:54 PM 
Added at 15:29:39 PM 
Updated at 15:30:43 PM, Changes made in ID: 4 
Updated at 15:31:8 PM, Changes made in ID: 4 
Updated at 15:31:13 PM, Changes made in ID: 4 
Updated at 10:17:25 PM, Changes made in ID: 3,4,5,6,7,8,9,10,11,12,13,14,15,16 
Updated at 10:17:31 PM, Changes made in ID: 3,4,5,6,7,8,9,10,11,12,13,14,15,16 
Updated at 10:18:4 PM, Changes made in ID: 3,4,5,6,7,8,9,10,11,12,13,14,15,16 
Updated at 10:23:28 PM, Changes made in ID: 3,4,5,6,7,8,9,10,11,12,13,14,15,16 
Updated at 10:27:34 PM, Changes made in ID: 3,4,5,6,7,8,9,10,11,12,13,14,15,16 
Updated at 10:27:44 PM, Changes made in ID: 3,4,5,6,7,8,9,10,11,12,13,14,15,16 
Updated at 10:29:52 PM, Changes made in ID: 3,4,5,6,7,8,9,10,11,12,13,14,15,16 
Updated at 11:5:52 PM, Changes made in ID: 3,4,5,6,7,8,9,10,11,12,13,14,15,16 
Purchase at 11:51:21 PM, Product ID:13 Quantity: 5 
Updated at 11:52:22 PM, Changes made in ID: 3,4,5,6,7,8,9,10,11,12,13,14,15,16 
Purchase at 12:0:52 PM, Product ID:3 Quantity: undefined 
Purchase at 12:4:19 PM, Product ID:13 Quantity: 5 
Purchase at 12:4:32 PM, Product ID:13 Quantity: 50 
Purchase at 12:5:41 PM, Product ID:13 Quantity: 1 
Stock added at 12:14:53 PM, Product ID:13 Quantity: 1 
Stock added at 12:15:17 PM, Product ID:13 Quantity: 1 
Stock added at 12:15:25 PM, Product ID:13 Quantity: 1 
Stock added at 12:15:35 PM, Product ID:13 Quantity: 10 
Stock added at 12:15:48 PM, Product ID:13 Quantity: 10 
Rating updated at 12:31:58 PM, Product ID:13 Quantity: 5 
Rating updated at 12:32:13 PM, Product ID:13 Quantity: 6 
Rating updated at 12:40:5 PM, Product ID:13 Quantity: 6 
Purchase at 13:54:27 PM, Product ID:13 Quantity: 6 
Purchase at 13:56:21 PM, Product ID:14 Quantity: 6 
Purchase at 13:58:11 PM, Product ID:14 Quantity: 6 
Purchase at 13:58:39 PM, Product ID:14 Quantity: 6 
Purchase at 13:59:46 PM, Product ID:14 Quantity: 6 
Rating updated at 14:8:58 PM, Product ID:14 Quantity: 6 
Rating updated at 14:9:35 PM, Product ID:14 Quantity: 7 
Rating updated at 14:11:34 PM, Product ID:14 Quantity: 7 
Rating updated at 14:12:37 PM, Product ID:14 Quantity: 7 
Stock added at 14:15:18 PM, Product ID:14 Quantity: 7 
Stock added at 14:29:38 PM, Product ID:14 Quantity: 7 
Stock added at 14:30:4 PM, Product ID:14 Quantity: 7 
Stock added at 14:30:17 PM, Product ID:14 Quantity: 7 
Stock added at 14:31:4 PM, Product ID:14 Quantity: 7 
Stock added at 14:31:47 PM, Product ID:16 Quantity: 7 
Stock added at 14:35:15 PM, Product ID:16 Quantity: 7 
Stock added at 14:36:27 PM, Product ID:16 Quantity: 7 
Rating updated at 14:38:23 PM, Product ID:13 Quantity: 7 
Rating updated at 14:40:32 PM, Product ID:13 Quantity: 7 
Rating updated at 14:44:24 PM, Product ID:13 Quantity: 3.66 
Rating updated at 14:46:27 PM, Product ID:11 Quantity: 4.66 
Rating updated at 14:46:41 PM, Product ID:11 Quantity: 5 
Purchase at 14:49:54 PM, Product ID:11 Quantity: 90 
Stock added at 14:52:24 PM, Product ID:11 Quantity: 10 
Stock added at 14:54:39 PM, Product ID:11 Quantity: 10 
Added at 15:0:24 PM 
Updated at 15:2:26 PM, Changes made in ID: 16 
Deleted at 15:4:13 PM, Changes made in ID: 16,16 
Deleted at 15:4:35 PM, Changes made in ID: 16 
Purchase at 15:29:42 PM, Product ID:11 Quantity: 0 
Purchase at 15:29:48 PM, Product ID:11 Quantity: 1 
Purchase at 15:36:9 PM, Product ID:11 Quantity: 0 
Purchase at 15:37:59 PM, Product ID:11 Quantity: 0 
Purchase at 15:39:6 PM, Product ID:11 Quantity: 0 
Purchase at 15:39:26 PM, Product ID:11 Quantity: 5 
Purchase at 15:51:44 PM, Product ID:11 Quantity: 5 
Rating updated at 15:59:2 PM, Product ID:11 Quantity: 4 
Stock added at 16:4:22 PM, Product ID:11 Quantity: 10 
Stock added at 16:4:46 PM, Product ID:10 Quantity: 10 
Updated at 8:28:13 PM, Changes made in ID: 16 
Logged with incorrect credentials at 15:59:19 PM for 0 times 
Logged with incorrect credentials at 15:59:40 PM for 1 times 
Logged with incorrect credentials at 16:4:11 PM for 4 times 
Logged with incorrect credentials at 16:6:12 PM for 5 times 
User blocked for logging in with incorrect credentials at 16:6:16 PM for 5 times 
